make -R -C .build/projects/gmake-mingw-gcc config=release64
make[1]: Entering directory '/c/Users/Frank/CVT/CVT/third_party/bgfx/.build/projects/gmake-mingw-gcc'
==== Building bx (release64) ====
==== Building bgfx (release64) ====
dxgi.cpp
glcontext_egl.cpp
glcontext_html5.cpp
glcontext_wgl.cpp
nvapi.cpp
renderer_agc.cpp
renderer_d3d11.cpp
renderer_d3d12.cpp
renderer_gl.cpp
renderer_gnm.cpp
renderer_mtl.cpp
renderer_noop.cpp
renderer_nvn.cpp
renderer_vk.cpp
renderer_webgpu.cpp
shader.cpp
shader_dxbc.cpp
shader_spirv.cpp
topology.cpp
vertexlayout.cpp
Archiving bgfx
==== Building bimg (release64) ====
Creating ../../win64_mingw-gcc/obj/x64/Release/bimg
Creating ../../win64_mingw-gcc/obj/x64/Release/bimg/bimg/3rdparty/astc-encoder/source
Creating ../../win64_mingw-gcc/obj/x64/Release/bimg/bimg/src
astcenc_averages_and_directions.cpp
astcenc_block_sizes.cpp
astcenc_color_quantize.cpp
astcenc_color_unquantize.cpp
astcenc_compress_symbolic.cpp
astcenc_compute_variance.cpp
astcenc_decompress_symbolic.cpp
astcenc_diagnostic_trace.cpp
astcenc_entry.cpp
astcenc_find_best_partitioning.cpp
astcenc_ideal_endpoints_and_weights.cpp
astcenc_image.cpp
astcenc_integer_sequence.cpp
astcenc_mathlib.cpp
astcenc_mathlib_softfloat.cpp
../../../../bimg/3rdparty/astc-encoder/source/astcenc_mathlib_softfloat.cpp:21:6: warning: 'ASTCENC_F16C' is not defined, evaluates to '0' [-Wundef]
   21 | #if (ASTCENC_F16C == 0) && (ASTCENC_NEON == 0)
      |      ^~~~~~~~~~~~
../../../../bimg/3rdparty/astc-encoder/source/astcenc_mathlib_softfloat.cpp:21:29: warning: 'ASTCENC_NEON' is not defined, evaluates to '0' [-Wundef]
   21 | #if (ASTCENC_F16C == 0) && (ASTCENC_NEON == 0)
      |                             ^~~~~~~~~~~~
astcenc_partition_tables.cpp
astcenc_percentile_tables.cpp
astcenc_pick_best_endpoint_format.cpp
astcenc_quantization.cpp
astcenc_symbolic_physical.cpp
astcenc_weight_align.cpp
astcenc_weight_quant_xfer_tables.cpp
image.cpp
In function 'void bimg::decodeBlockBc7(uint8_t*, const uint8_t*)',
    inlined from 'void bimg::imageDecodeToBgra8(bx::AllocatorI*, void*, const void*, uint32_t, uint32_t, uint32_t, TextureFormat::Enum)' at ../../../../bimg/src/image.cpp:4737:21:
../../../../bimg/src/image.cpp:2402:37: warning: writing 1 byte into a region of size 0 [-Wstringop-overflow=]
 2402 |                         epG[ii*2+0] = uint8_t(bit.read(mi.colorBits) << modePBits);
      |                         ~~~~~~~~~~~~^~~~~~~~~~~~~~~~~~~~~~~~~~~~~~~~~~~~~~~~~~~~~~
../../../../bimg/src/image.cpp: In function 'void bimg::imageDecodeToBgra8(bx::AllocatorI*, void*, const void*, uint32_t, uint32_t, uint32_t, TextureFormat::Enum)':
../../../../bimg/src/image.cpp:2390:25: note: at offset 6 into destination object 'epG' of size 6
 2390 |                 uint8_t epG[6];
      |                         ^~~
In function 'void bimg::decodeBlockBc7(uint8_t*, const uint8_t*)',
    inlined from 'void bimg::imageDecodeToBgra8(bx::AllocatorI*, void*, const void*, uint32_t, uint32_t, uint32_t, TextureFormat::Enum)' at ../../../../bimg/src/image.cpp:4737:21:
../../../../bimg/src/image.cpp:2403:37: warning: writing 1 byte into a region of size 0 [-Wstringop-overflow=]
 2403 |                         epG[ii*2+1] = uint8_t(bit.read(mi.colorBits) << modePBits);
      |                         ~~~~~~~~~~~~^~~~~~~~~~~~~~~~~~~~~~~~~~~~~~~~~~~~~~~~~~~~~~
../../../../bimg/src/image.cpp: In function 'void bimg::imageDecodeToBgra8(bx::AllocatorI*, void*, const void*, uint32_t, uint32_t, uint32_t, TextureFormat::Enum)':
../../../../bimg/src/image.cpp:2390:25: note: at offset 7 into destination object 'epG' of size 6
 2390 |                 uint8_t epG[6];
      |                         ^~~
In function 'void bimg::decodeBlockBc7(uint8_t*, const uint8_t*)',
    inlined from 'void bimg::imageDecodeToBgra8(bx::AllocatorI*, void*, const void*, uint32_t, uint32_t, uint32_t, TextureFormat::Enum)' at ../../../../bimg/src/image.cpp:4737:21:
../../../../bimg/src/image.cpp:2408:37: warning: writing 1 byte into a region of size 0 [-Wstringop-overflow=]
 2408 |                         epB[ii*2+0] = uint8_t(bit.read(mi.colorBits) << modePBits);
      |                         ~~~~~~~~~~~~^~~~~~~~~~~~~~~~~~~~~~~~~~~~~~~~~~~~~~~~~~~~~~
../../../../bimg/src/image.cpp: In function 'void bimg::imageDecodeToBgra8(bx::AllocatorI*, void*, const void*, uint32_t, uint32_t, uint32_t, TextureFormat::Enum)':
../../../../bimg/src/image.cpp:2391:25: note: at offset 6 into destination object 'epB' of size 6
 2391 |                 uint8_t epB[6];
      |                         ^~~
In function 'void bimg::decodeBlockBc7(uint8_t*, const uint8_t*)',
    inlined from 'void bimg::imageDecodeToBgra8(bx::AllocatorI*, void*, const void*, uint32_t, uint32_t, uint32_t, TextureFormat::Enum)' at ../../../../bimg/src/image.cpp:4737:21:
../../../../bimg/src/image.cpp:2409:37: warning: writing 1 byte into a region of size 0 [-Wstringop-overflow=]
 2409 |                         epB[ii*2+1] = uint8_t(bit.read(mi.colorBits) << modePBits);
      |                         ~~~~~~~~~~~~^~~~~~~~~~~~~~~~~~~~~~~~~~~~~~~~~~~~~~~~~~~~~~
../../../../bimg/src/image.cpp: In function 'void bimg::imageDecodeToBgra8(bx::AllocatorI*, void*, const void*, uint32_t, uint32_t, uint32_t, TextureFormat::Enum)':
../../../../bimg/src/image.cpp:2391:25: note: at offset 7 into destination object 'epB' of size 6
 2391 |                 uint8_t epB[6];
      |                         ^~~
In function 'void bimg::decodeBlockBc7(uint8_t*, const uint8_t*)',
    inlined from 'void bimg::imageDecodeToBgra8(bx::AllocatorI*, void*, const void*, uint32_t, uint32_t, uint32_t, TextureFormat::Enum)' at ../../../../bimg/src/image.cpp:4737:21:
../../../../bimg/src/image.cpp:2416:45: warning: writing 1 byte into a region of size 0 [-Wstringop-overflow=]
 2416 |                                 epA[ii*2+0] = uint8_t(bit.read(mi.alphaBits) << modePBits);
      |                                 ~~~~~~~~~~~~^~~~~~~~~~~~~~~~~~~~~~~~~~~~~~~~~~~~~~~~~~~~~~
../../../../bimg/src/image.cpp: In function 'void bimg::imageDecodeToBgra8(bx::AllocatorI*, void*, const void*, uint32_t, uint32_t, uint32_t, TextureFormat::Enum)':
../../../../bimg/src/image.cpp:2392:25: note: at offset 6 into destination object 'epA' of size 6
 2392 |                 uint8_t epA[6];
      |                         ^~~
In function 'void bimg::decodeBlockBc7(uint8_t*, const uint8_t*)',
    inlined from 'void bimg::imageDecodeToBgra8(bx::AllocatorI*, void*, const void*, uint32_t, uint32_t, uint32_t, TextureFormat::Enum)' at ../../../../bimg/src/image.cpp:4737:21:
../../../../bimg/src/image.cpp:2417:45: warning: writing 1 byte into a region of size 0 [-Wstringop-overflow=]
 2417 |                                 epA[ii*2+1] = uint8_t(bit.read(mi.alphaBits) << modePBits);
      |                                 ~~~~~~~~~~~~^~~~~~~~~~~~~~~~~~~~~~~~~~~~~~~~~~~~~~~~~~~~~~
../../../../bimg/src/image.cpp: In function 'void bimg::imageDecodeToBgra8(bx::AllocatorI*, void*, const void*, uint32_t, uint32_t, uint32_t, TextureFormat::Enum)':
../../../../bimg/src/image.cpp:2392:25: note: at offset 7 into destination object 'epA' of size 6
 2392 |                 uint8_t epA[6];
      |                         ^~~
image_gnf.cpp
Archiving bimg
==== Building bgfx-shared-lib (release64) ====
Creating ../../win64_mingw-gcc/obj/x64/Release/bgfx-shared-lib
Creating ../../win64_mingw-gcc/obj/x64/Release/bgfx-shared-lib/src
bgfx.cpp
debug_renderdoc.cpp
dxgi.cpp
glcontext_egl.cpp
glcontext_html5.cpp
glcontext_wgl.cpp
renderer_agc.cpp
renderer_d3d11.cpp
renderer_d3d12.cpp
renderer_gl.cpp
renderer_gnm.cpp
renderer_mtl.cpp
renderer_noop.cpp
renderer_nvn.cpp
renderer_vk.cpp
renderer_webgpu.cpp
shader.cpp
shader_dxbc.cpp
shader_spirv.cpp
topology.cpp
vertexlayout.cpp
Linking bgfx-shared-lib
==== Building bimg_decode (release64) ====
image_decode.cpp
In file included from ../../../../bimg/src/image_decode.cpp:24:
../../../../bimg/3rdparty/tinyexr/tinyexr.h: In function 'int tinyexr::DecodeTiledLevel(EXRImage*, const EXRHeader*, const OffsetData&, const std::vector<long long unsigned int>&, int, const unsigned char*, size_t, std::string*)':
../../../../bimg/3rdparty/tinyexr/tinyexr.h:4683:12: warning: 'void* calloc(size_t, size_t)' sizes specified with 'sizeof' in the earlier argument and not in the later argument [-Wcalloc-transposed-args]
 4683 |     calloc(sizeof(EXRTile), static_cast<size_t>(num_tiles)));
      |            ^~~~~~~~~~~~~~~
../../../../bimg/3rdparty/tinyexr/tinyexr.h:4683:12: note: earlier argument should specify number of elements, later size of each element
Archiving bimg_decode
==== Building bimg_encode (release64) ====
Creating ../../win64_mingw-gcc/obj/x64/Release/bimg_encode/bimg/3rdparty/nvtt
Creating ../../win64_mingw-gcc/obj/x64/Release/bimg_encode/bimg/3rdparty/nvtt/bc6h
Creating ../../win64_mingw-gcc/obj/x64/Release/bimg_encode/bimg/3rdparty/nvtt/bc7
Creating ../../win64_mingw-gcc/obj/x64/Release/bimg_encode/bimg/3rdparty/nvtt/nvmath
Creating ../../win64_mingw-gcc/obj/x64/Release/bimg_encode/bimg/src
edtaa3func.cpp
etc1.cpp
ProcessRGB.cpp
Tables.cpp
convolve.c
decimate.c
math_utils.c
ms_ssim.c
mse.c
psnr.c
ssim.c
alpha.cpp
clusterfit.cpp
colourblock.cpp
colourfit.cpp
colourset.cpp
maths.cpp
rangefit.cpp
singlecolourfit.cpp
squish.cpp
zoh.cpp
zoh_utils.cpp
zohone.cpp
zohtwo.cpp
avpcl.cpp
avpcl_mode0.cpp
avpcl_mode1.cpp
avpcl_mode2.cpp
avpcl_mode3.cpp
avpcl_mode4.cpp
avpcl_mode5.cpp
avpcl_mode6.cpp
avpcl_mode7.cpp
avpcl_utils.cpp
fitting.cpp
nvtt.cpp
BitScale.cpp
MortonTable.cpp
PvrTcDecoder.cpp
PvrTcEncoder.cpp
PvrTcPacket.cpp
image_cubemap_filter.cpp
image_encode.cpp
Archiving bimg_encode
==== Building example-glue (release64) ====
==== Building example-common (release64) ====
Creating ../../win64_mingw-gcc/obj/x64/Release/example-common/examples/common
Creating ../../win64_mingw-gcc/obj/x64/Release/example-common/examples/common/debugdraw
Creating ../../win64_mingw-gcc/obj/x64/Release/example-common/examples/common/font
Creating ../../win64_mingw-gcc/obj/x64/Release/example-common/examples/common/imgui
Creating ../../win64_mingw-gcc/obj/x64/Release/example-common/examples/common/nanovg
Creating ../../win64_mingw-gcc/obj/x64/Release/example-common/examples/common/ps
imgui.cpp
imgui_demo.cpp
imgui_draw.cpp
imgui_tables.cpp
imgui_widgets.cpp
../../../3rdparty/dear-imgui/imgui_widgets.cpp:4146:12: warning: 'int ImStb::STB_TEXTEDIT_MOVELINEEND_IMPL(ImGuiInputTextState*, STB_TexteditState*, int)' defined but not used [-Wunused-function]
 4146 | static int STB_TEXTEDIT_MOVELINEEND_IMPL(ImGuiInputTextState* obj, ImStb::STB_TexteditState* state, int cursor)
      |            ^~~~~~~~~~~~~~~~~~~~~~~~~~~~~
../../../3rdparty/dear-imgui/imgui_widgets.cpp:4110:12: warning: 'int ImStb::STB_TEXTEDIT_MOVELINESTART_IMPL(ImGuiInputTextState*, STB_TexteditState*, int)' defined but not used [-Wunused-function]
 4110 | static int STB_TEXTEDIT_MOVELINESTART_IMPL(ImGuiInputTextState* obj, ImStb::STB_TexteditState* state, int cursor)
      |            ^~~~~~~~~~~~~~~~~~~~~~~~~~~~~~~
allocator.cpp
clusterizer.cpp
indexanalyzer.cpp
indexcodec.cpp
indexgenerator.cpp
overdrawoptimizer.cpp
partition.cpp
quantization.cpp
rasterizer.cpp
simplifier.cpp
spatialorder.cpp
stripifier.cpp
vcacheoptimizer.cpp
vertexcodec.cpp
vertexfilter.cpp
vfetchoptimizer.cpp
bgfx_utils.cpp
camera.cpp
cube_atlas.cpp
debugdraw.cpp
cmd.cpp
dialog.cpp
entry.cpp
entry_android.cpp
entry_glfw.cpp
entry_html5.cpp
entry_noop.cpp
entry_sdl.cpp
entry_windows.cpp
entry_x11.cpp
input.cpp
font_manager.cpp
text_buffer_manager.cpp
text_metrics.cpp
imgui.cpp
Archiving example-common
==== Building example-17-drawstress (release64) ====
Creating ../../win64_mingw-gcc/obj/x64/Release/example-17-drawstress
Creating ../../win64_mingw-gcc/obj/x64/Release/example-17-drawstress/examples/17-drawstress
drawstress.cpp
Linking example-17-drawstress
Running post-build commands
Stripping symbols.
